<?xml version="1.0" encoding="UTF-8"?>
<!-- Generated by org.testng.reporters.JUnitReportReporter -->
<testsuite hostname="Saurabh" failures="0" tests="8" name="Package.testclass2" time="0.062" errors="0" timestamp="2023-02-04T12:52:13 IST" skipped="0">
  <testcase classname="Package.testclass2" name="testc" time="0.004"/>
  <system-out/>
  <testcase classname="Package.testclass2" name="testa" time="0.012"/>
  <system-out/>
  <testcase classname="Package.testclass2" name="test1" time="0.012"/>
  <system-out/>
  <testcase classname="Package.testclass2" name="testb" time="0.007"/>
  <system-out/>
  <testcase classname="Package.testclass2" name="test1" time="0.004"/>
  <system-out/>
  <testcase classname="Package.testclass2" name="testa" time="0.009"/>
  <system-out/>
  <testcase classname="Package.testclass2" name="testb" time="0.008"/>
  <system-out/>
  <testcase classname="Package.testclass2" name="testc" time="0.006"/>
  <system-out/>
</testsuite> <!-- Package.testclass2 -->
