<?xml version="1.0" encoding="UTF-8"?>
<!-- Generated by org.testng.reporters.JUnitReportReporter -->
<testsuite hostname="Saurabh" failures="0" tests="1" name="Package.testclass1" time="0.014" errors="0" timestamp="2023-02-04T12:52:13 IST" skipped="0">
  <testcase classname="Package.testclass1" name="test1" time="0.014"/>
  <system-out/>
</testsuite> <!-- Package.testclass1 -->
