<?xml version="1.0" encoding="UTF-8"?>
<!-- Generated by org.testng.reporters.JUnitReportReporter -->
<testsuite hostname="Saurabh" failures="0" tests="1" name="Package.mesmerize" time="57.441" errors="0" timestamp="2023-01-28T13:23:13 IST" skipped="0">
  <testcase classname="Package.mesmerize" name="login1" time="57.441"/>
  <system-out/>
</testsuite> <!-- Package.mesmerize -->
