<?xml version="1.0" encoding="UTF-8"?>
<!-- Generated by org.testng.reporters.JUnitReportReporter -->
<testsuite hostname="Saurabh" failures="0" tests="2" name="facebookpack.facebooksignup" time="14.741" errors="0" timestamp="2023-02-14T20:06:41 IST" skipped="0">
  <testcase classname="facebookpack.facebooksignup" name="test1" time="7.369"/>
  <system-out/>
  <testcase classname="facebookpack.facebooksignup" name="test1" time="7.372"/>
  <system-out/>
</testsuite> <!-- facebookpack.facebooksignup -->
